6.51419e-08
0.100074
0.317236
0.594692
0.841471
0.978512
0.994346
0.946378
0.909297
0.863087
0.730312
0.483554
0.14112
-0.219717
-0.510352
-0.687591
-0.756802
-0.818416
-0.92507
-0.997151
-0.958924
-0.795643
-0.569583
-0.374101
-0.279415
-0.181925
0.0396181
0.346369
0.656987
0.881926
0.984412
0.998952
0.989358
0.969831
0.892097
0.70887
0.412118
0.0616214
-0.249737
-0.457321
-0.544021
-0.62526
-0.782104
-0.936357
-0.99999
-0.933213
-0.776558
-0.618327
-0.536573
-0.449431
-0.241156
0.0704535
0.420167
0.715086
0.896061
0.971951
0.990607
0.999318
0.982817
0.877719
0.650288
0.338052
0.0307722
-0.190621
-0.287903
-0.382295
-0.576836
-0.800973
-0.961397
-0.996444
-0.921672
-0.813298
-0.750987
-0.681137
-0.50272
-0.211074
0.149877
0.491282
0.73633
0.867524
0.912945
